/nfs/tts2/home/joregan/miniconda3/envs/hf/lib/python3.11/site-packages/transformers/configuration_utils.py:335: UserWarning: Passing `gradient_checkpointing` to a config initialization is deprecated and will be removed in v5 Transformers. Using `model.gradient_checkpointing_enable()` instead, or if you are using the `Trainer` API, pass `gradient_checkpointing=True` in your `TrainingArguments`.
  warnings.warn(
Fetching 1 files:   0%|          | 0/1 [00:00<?, ?it/s]Fetching 1 files: 100%|██████████| 1/1 [00:00<00:00, 7157.52it/s]
Traceback (most recent call last):
  File "/nfs/tts2/home/joregan/miniconda3/envs/hf/lib/python3.11/site-packages/transformers/feature_extraction_utils.py", line 523, in get_feature_extractor_dict
    resolved_feature_extractor_file = resolved_feature_extractor_files[0]
                                      ~~~~~~~~~~~~~~~~~~~~~~~~~~~~~~~~^^^
TypeError: 'NoneType' object is not subscriptable

During handling of the above exception, another exception occurred:

Traceback (most recent call last):
  File "/nfs/tts2/home/joregan/run_w2v2.py", line 7, in <module>
    pipe = pipeline(model=MODEL, device=0)
           ^^^^^^^^^^^^^^^^^^^^^^^^^^^^^^^
  File "/nfs/tts2/home/joregan/miniconda3/envs/hf/lib/python3.11/site-packages/transformers/pipelines/__init__.py", line 1167, in pipeline
    raise e
  File "/nfs/tts2/home/joregan/miniconda3/envs/hf/lib/python3.11/site-packages/transformers/pipelines/__init__.py", line 1132, in pipeline
    feature_extractor = AutoFeatureExtractor.from_pretrained(
                        ^^^^^^^^^^^^^^^^^^^^^^^^^^^^^^^^^^^^^
  File "/nfs/tts2/home/joregan/miniconda3/envs/hf/lib/python3.11/site-packages/transformers/models/auto/feature_extraction_auto.py", line 356, in from_pretrained
    config_dict, _ = FeatureExtractionMixin.get_feature_extractor_dict(pretrained_model_name_or_path, **kwargs)
                     ^^^^^^^^^^^^^^^^^^^^^^^^^^^^^^^^^^^^^^^^^^^^^^^^^^^^^^^^^^^^^^^^^^^^^^^^^^^^^^^^^^^^^^^^^^
  File "/nfs/tts2/home/joregan/miniconda3/envs/hf/lib/python3.11/site-packages/transformers/feature_extraction_utils.py", line 530, in get_feature_extractor_dict
    raise OSError(
OSError: Can't load feature extractor for 'KBLab/wav2vec2-large-voxrex-swedish'. If you were trying to load it from 'https://huggingface.co/models', make sure you don't have a local directory with the same name. Otherwise, make sure 'KBLab/wav2vec2-large-voxrex-swedish' is the correct path to a directory containing a preprocessor_config.json file
